<?xml version="1.0" encoding="UTF-8"?>
<testsuite name="cz.semenko.word.aware.tests.KnowledgeTest" time="0.009" tests="1" errors="0" skipped="0" failures="1">
  <properties>
    <property name="java.runtime.name" value="Java(TM) SE Runtime Environment"/>
    <property name="sun.boot.library.path" value="C:\Sun\SDK\jdk\jre\bin"/>
    <property name="java.vm.version" value="14.0-b16"/>
    <property name="java.vm.vendor" value="Sun Microsystems Inc."/>
    <property name="java.vendor.url" value="http://java.sun.com/"/>
    <property name="path.separator" value=";"/>
    <property name="guice.disable.misplaced.annotation.check" value="true"/>
    <property name="java.vm.name" value="Java HotSpot(TM) Client VM"/>
    <property name="file.encoding.pkg" value="sun.io"/>
    <property name="user.country" value="CA"/>
    <property name="sun.java.launcher" value="SUN_STANDARD"/>
    <property name="sun.os.patch.level" value="Service Pack 2"/>
    <property name="java.vm.specification.name" value="Java Virtual Machine Specification"/>
    <property name="user.dir" value="D:\Users\k\develop\git-repository\slovicka\Slovicka"/>
    <property name="java.runtime.version" value="1.6.0_14-b08"/>
    <property name="java.awt.graphicsenv" value="sun.awt.Win32GraphicsEnvironment"/>
    <property name="java.endorsed.dirs" value="C:\Sun\SDK\jdk\jre\lib\endorsed"/>
    <property name="os.arch" value="x86"/>
    <property name="java.io.tmpdir" value="C:\Users\k\AppData\Local\Temp\"/>
    <property name="line.separator" value="&#10;"/>
    <property name="java.vm.specification.vendor" value="Sun Microsystems Inc."/>
    <property name="user.variant" value=""/>
    <property name="os.name" value="Windows Vista"/>
    <property name="classworlds.conf" value="C:\Users\k\Prace\Projects\Slovicka\slovickaWorkspace\.metadata\.plugins\org.eclipse.m2e.core\launches\m2conf7004003650904409310.tmp"/>
    <property name="sun.jnu.encoding" value="Cp1252"/>
    <property name="java.library.path" value="C:\Sun\SDK\jdk\bin;.;C:\Windows\Sun\Java\bin;C:\Windows\system32;C:\Windows;c:/Sun/SDK/jdk/bin/../jre/bin/client;c:/Sun/SDK/jdk/bin/../jre/bin;c:/Sun/SDK/jdk/bin/../jre/lib/i386;D:\app\k\product\11.2.0\dbhome_1\bin;c:\Sun\SDK\jdk\bin;C:\Windows\system32;C:\Windows;C:\Windows\system32\wbem;C:\Program Files\Microsoft SQL Server\90\Tools\binn;D:\Program Files\QuickTime\QTSystem;C:\Program Files\Intel\WiFi\bin\;c:\Sun\SDK\jdk\bin\;C:\Program Files\Microsoft SQL Server\90\Tools\binn\;C:\Program Files\Java\jre6\bin;C:\Program Files\Java\jre6\jre\bin;C:\Program Files\Java\jre6\jre\bin\client;\bin;C:\Windows\System32\WindowsPowerShell\v1.0\;C:\Program Files\SlikSvn\bin\;c:\aspectj1.6\bin;D:\Program Files\QuickTime\QTSystem\;C:\Program Files\Git\cmd;C:\Sun\jwsdp-2.0\jwsdp-shared\bin;c:\Sun\SDK\jdk\bin;C:\Program Files\WinAnt\bin;c:\Sun\SDK\jdk\bin;c:\Program Files\Java\jre6\bin\client;c:\Program Files\Java\jre6\bin;d:\Program Files\PostgreSQL\8.4\bin;c:\Program Files\Apache Software Foundation\apache-maven-3.0.5\bin;C:\Program Files\eclipseHeliosSR2;"/>
    <property name="java.specification.name" value="Java Platform API Specification"/>
    <property name="java.class.version" value="50.0"/>
    <property name="sun.management.compiler" value="HotSpot Client Compiler"/>
    <property name="os.version" value="6.0"/>
    <property name="user.home" value="C:\Users\k"/>
    <property name="user.timezone" value="Europe/Prague"/>
    <property name="java.awt.printerjob" value="sun.awt.windows.WPrinterJob"/>
    <property name="file.encoding" value="UTF-8"/>
    <property name="java.specification.version" value="1.6"/>
    <property name="user.name" value="k"/>
    <property name="java.class.path" value="/C:/Program Files/eclipseHeliosSR2/configuration/org.eclipse.osgi/bundles/864/1/.cp/jars/plexus-classworlds-2.4.jar"/>
    <property name="java.vm.specification.version" value="1.0"/>
    <property name="sun.arch.data.model" value="32"/>
    <property name="java.home" value="C:\Sun\SDK\jdk\jre"/>
    <property name="java.specification.vendor" value="Sun Microsystems Inc."/>
    <property name="user.language" value="en"/>
    <property name="awt.toolkit" value="sun.awt.windows.WToolkit"/>
    <property name="java.vm.info" value="mixed mode"/>
    <property name="java.version" value="1.6.0_14"/>
    <property name="java.ext.dirs" value="C:\Sun\SDK\jdk\jre\lib\ext;C:\Windows\Sun\Java\lib\ext"/>
    <property name="sun.boot.class.path" value="C:\Sun\SDK\jdk\jre\lib\resources.jar;C:\Sun\SDK\jdk\jre\lib\rt.jar;C:\Sun\SDK\jdk\jre\lib\sunrsasign.jar;C:\Sun\SDK\jdk\jre\lib\jsse.jar;C:\Sun\SDK\jdk\jre\lib\jce.jar;C:\Sun\SDK\jdk\jre\lib\charsets.jar;C:\Sun\SDK\jdk\jre\classes"/>
    <property name="java.vendor" value="Sun Microsystems Inc."/>
    <property name="maven.home" value="D:\Users\k\develop\git-repository\slovicka\Slovicka\EMBEDDED"/>
    <property name="file.separator" value="\"/>
    <property name="java.vendor.url.bug" value="http://java.sun.com/cgi-bin/bugreport.cgi"/>
    <property name="sun.cpu.endian" value="little"/>
    <property name="sun.io.unicode.encoding" value="UnicodeLittle"/>
    <property name="sun.desktop" value="windows"/>
    <property name="sun.cpu.isalist" value="pentium_pro+mmx pentium_pro pentium+mmx pentium i486 i386 i86"/>
  </properties>
  <testcase name="testRemember" classname="cz.semenko.word.aware.tests.KnowledgeTest" time="0.009">
    <failure message="Not yet implemented" type="java.lang.AssertionError">java.lang.AssertionError: Not yet implemented
	at org.junit.Assert.fail(Assert.java:88)
	at cz.semenko.word.aware.tests.KnowledgeTest.testRemember(KnowledgeTest.java:53)
</failure>
  </testcase>
</testsuite>